{"C:\\Users\\super\\OneDrive\\Рабочий стол\\mywarehouse\\server\\models\\User.js":{"path":"C:\\Users\\super\\OneDrive\\Рабочий стол\\mywarehouse\\server\\models\\User.js","s":{"1":1,"2":1,"3":1},"b":{},"f":{},"fnMap":{},"statementMap":{"1":{"start":{"line":1,"column":0},"end":{"line":1,"column":38}},"2":{"start":{"line":2,"column":0},"end":{"line":2,"column":36}},"3":{"start":{"line":4,"column":0},"end":{"line":37,"column":1}}},"branchMap":{}},"C:\\Users\\super\\OneDrive\\Рабочий стол\\mywarehouse\\server\\database\\db.js":{"path":"C:\\Users\\super\\OneDrive\\Рабочий стол\\mywarehouse\\server\\database\\db.js","s":{"1":1,"2":1,"3":1,"4":1,"5":1,"6":1,"7":1},"b":{},"f":{},"fnMap":{},"statementMap":{"1":{"start":{"line":1,"column":0},"end":{"line":1,"column":38}},"2":{"start":{"line":2,"column":0},"end":{"line":2,"column":36}},"3":{"start":{"line":4,"column":0},"end":{"line":4,"column":13}},"4":{"start":{"line":5,"column":0},"end":{"line":16,"column":2}},"5":{"start":{"line":18,"column":0},"end":{"line":18,"column":24}},"6":{"start":{"line":19,"column":0},"end":{"line":19,"column":24}},"7":{"start":{"line":21,"column":0},"end":{"line":21,"column":19}}},"branchMap":{}},"C:\\Users\\super\\OneDrive\\Рабочий стол\\mywarehouse\\server\\config.js":{"path":"C:\\Users\\super\\OneDrive\\Рабочий стол\\mywarehouse\\server\\config.js","s":{"1":1,"2":1,"3":1,"4":1,"5":1},"b":{"1":[1,0]},"f":{},"fnMap":{},"statementMap":{"1":{"start":{"line":1,"column":0},"end":{"line":1,"column":33}},"2":{"start":{"line":2,"column":0},"end":{"line":2,"column":29}},"3":{"start":{"line":4,"column":0},"end":{"line":4,"column":45}},"4":{"start":{"line":5,"column":0},"end":{"line":5,"column":38}},"5":{"start":{"line":7,"column":0},"end":{"line":16,"column":4}}},"branchMap":{"1":{"line":8,"type":"binary-expr","locations":[{"start":{"line":8,"column":10},"end":{"line":8,"column":26}},{"start":{"line":8,"column":30},"end":{"line":8,"column":34}}]}}}}